week12_report/fessutival/app/build/intermediates/manifest_merge_blame_file/debug/processDebugMainManifest/manifest-merger-blame-debug-report.txt
1<?xml version="1.0" encoding="utf-8"?>
2<manifest xmlns:android="http://schemas.android.com/apk/res/android"
3    package="com.foo.fessutival"
4    android:versionCode="1"
5    android:versionName="1.0" >
6
7    <uses-sdk
8        android:minSdkVersion="24"
9        android:targetSdkVersion="34" />
10
11    <permission
11-->[androidx.core:core:1.13.0] AndroidManifest.xml:22:5-24:47
12        android:name="com.foo.fessutival.DYNAMIC_RECEIVER_NOT_EXPORTED_PERMISSION"
12-->[androidx.core:core:1.13.0] AndroidManifest.xml:23:9-81
13        android:protectionLevel="signature" />
13-->[androidx.core:core:1.13.0] AndroidManifest.xml:24:9-44
14
15    <uses-permission android:name="com.foo.fessutival.DYNAMIC_RECEIVER_NOT_EXPORTED_PERMISSION" />
15-->[androidx.core:core:1.13.0] AndroidManifest.xml:26:5-97
15-->[androidx.core:core:1.13.0] AndroidManifest.xml:26:22-94
16
17    <application
17-->src/main/AndroidManifest.xml:5:5-57:19
18        android:allowBackup="true"
18-->src/main/AndroidManifest.xml:6:9-35
19        android:appComponentFactory="androidx.core.app.CoreComponentFactory"
19-->[androidx.core:core:1.13.0] AndroidManifest.xml:28:18-86
20        android:dataExtractionRules="@xml/data_extraction_rules"
20-->src/main/AndroidManifest.xml:7:9-65
21        android:debuggable="true"
22        android:extractNativeLibs="false"
23        android:fullBackupContent="@xml/backup_rules"
23-->src/main/AndroidManifest.xml:8:9-54
24        android:icon="@mipmap/ic_launcher"
24-->src/main/AndroidManifest.xml:9:9-43
25        android:label="@string/app_name"
25-->src/main/AndroidManifest.xml:10:9-41
26        android:roundIcon="@mipmap/ic_launcher_round"
26-->src/main/AndroidManifest.xml:11:9-54
27        android:supportsRtl="true"
27-->src/main/AndroidManifest.xml:12:9-35
28        android:testOnly="true"
29        android:theme="@style/Theme.Fessutival" >
29-->src/main/AndroidManifest.xml:13:9-48
30        <activity
30-->src/main/AndroidManifest.xml:15:9-23:20
31            android:name="com.foo.fessutival.Home.festival_information.festival_notification.Festival_notification_01"
31-->src/main/AndroidManifest.xml:16:13-101
32            android:exported="true" >
32-->src/main/AndroidManifest.xml:17:13-36
33            <intent-filter>
33-->src/main/AndroidManifest.xml:18:13-22:29
34                <action android:name="android.intent.action.MAIN" />
34-->src/main/AndroidManifest.xml:19:17-69
34-->src/main/AndroidManifest.xml:19:25-66
35
36                <category android:name="android.intent.category.LAUNCHER" />
36-->src/main/AndroidManifest.xml:21:17-77
36-->src/main/AndroidManifest.xml:21:27-74
37            </intent-filter>
38        </activity>
39        <activity
39-->src/main/AndroidManifest.xml:24:9-32:20
40            android:name="com.foo.fessutival.Home.booth_information.day_booth1.Day_Booth1_28"
40-->src/main/AndroidManifest.xml:25:13-76
41            android:exported="true" >
41-->src/main/AndroidManifest.xml:26:13-36
42            <intent-filter>
42-->src/main/AndroidManifest.xml:18:13-22:29
43                <action android:name="android.intent.action.MAIN" />
43-->src/main/AndroidManifest.xml:19:17-69
43-->src/main/AndroidManifest.xml:19:25-66
44
45                <category android:name="android.intent.category.LAUNCHER" />
45-->src/main/AndroidManifest.xml:21:17-77
45-->src/main/AndroidManifest.xml:21:27-74
46            </intent-filter>
47        </activity>
48        <activity
48-->src/main/AndroidManifest.xml:33:9-41:20
49            android:name="com.foo.fessutival.Home.booth_information.Day_booth_01Activity"
49-->src/main/AndroidManifest.xml:34:13-72
50            android:exported="true" >
50-->src/main/AndroidManifest.xml:35:13-36
51            <intent-filter>
51-->src/main/AndroidManifest.xml:18:13-22:29
52                <action android:name="android.intent.action.MAIN" />
52-->src/main/AndroidManifest.xml:19:17-69
52-->src/main/AndroidManifest.xml:19:25-66
53
54                <category android:name="android.intent.category.LAUNCHER" />
54-->src/main/AndroidManifest.xml:21:17-77
54-->src/main/AndroidManifest.xml:21:27-74
55            </intent-filter>
56        </activity>
57        <activity
57-->src/main/AndroidManifest.xml:42:9-44:40
58            android:name="com.foo.fessutival.Home.festival_information.Home_festival_information_01Activity"
58-->src/main/AndroidManifest.xml:43:13-91
59            android:exported="false" />
59-->src/main/AndroidManifest.xml:44:13-37
60        <activity
60-->src/main/AndroidManifest.xml:45:9-47:39
61            android:name="com.foo.fessutival.Home.Home_01Activity"
61-->src/main/AndroidManifest.xml:46:13-49
62            android:exported="true" />
62-->src/main/AndroidManifest.xml:47:13-36
63        <activity
63-->src/main/AndroidManifest.xml:48:9-56:20
64            android:name="com.foo.fessutival.MainActivity"
64-->src/main/AndroidManifest.xml:49:13-41
65            android:exported="true" >
65-->src/main/AndroidManifest.xml:50:13-36
66            <intent-filter>
66-->src/main/AndroidManifest.xml:18:13-22:29
67                <action android:name="android.intent.action.MAIN" />
67-->src/main/AndroidManifest.xml:19:17-69
67-->src/main/AndroidManifest.xml:19:25-66
68
69                <category android:name="android.intent.category.LAUNCHER" />
69-->src/main/AndroidManifest.xml:21:17-77
69-->src/main/AndroidManifest.xml:21:27-74
70            </intent-filter>
71        </activity>
72
73        <provider
73-->[androidx.emoji2:emoji2:1.3.0] AndroidManifest.xml:24:9-32:20
74            android:name="androidx.startup.InitializationProvider"
74-->[androidx.emoji2:emoji2:1.3.0] AndroidManifest.xml:25:13-67
75            android:authorities="com.foo.fessutival.androidx-startup"
75-->[androidx.emoji2:emoji2:1.3.0] AndroidManifest.xml:26:13-68
76            android:exported="false" >
76-->[androidx.emoji2:emoji2:1.3.0] AndroidManifest.xml:27:13-37
77            <meta-data
77-->[androidx.emoji2:emoji2:1.3.0] AndroidManifest.xml:29:13-31:52
78                android:name="androidx.emoji2.text.EmojiCompatInitializer"
78-->[androidx.emoji2:emoji2:1.3.0] AndroidManifest.xml:30:17-75
79                android:value="androidx.startup" />
79-->[androidx.emoji2:emoji2:1.3.0] AndroidManifest.xml:31:17-49
80            <meta-data
80-->[androidx.lifecycle:lifecycle-process:2.6.2] AndroidManifest.xml:29:13-31:52
81                android:name="androidx.lifecycle.ProcessLifecycleInitializer"
81-->[androidx.lifecycle:lifecycle-process:2.6.2] AndroidManifest.xml:30:17-78
82                android:value="androidx.startup" />
82-->[androidx.lifecycle:lifecycle-process:2.6.2] AndroidManifest.xml:31:17-49
83            <meta-data
83-->[androidx.profileinstaller:profileinstaller:1.4.0] AndroidManifest.xml:29:13-31:52
84                android:name="androidx.profileinstaller.ProfileInstallerInitializer"
84-->[androidx.profileinstaller:profileinstaller:1.4.0] AndroidManifest.xml:30:17-85
85                android:value="androidx.startup" />
85-->[androidx.profileinstaller:profileinstaller:1.4.0] AndroidManifest.xml:31:17-49
86        </provider>
87
88        <receiver
88-->[androidx.profileinstaller:profileinstaller:1.4.0] AndroidManifest.xml:34:9-52:20
89            android:name="androidx.profileinstaller.ProfileInstallReceiver"
89-->[androidx.profileinstaller:profileinstaller:1.4.0] AndroidManifest.xml:35:13-76
90            android:directBootAware="false"
90-->[androidx.profileinstaller:profileinstaller:1.4.0] AndroidManifest.xml:36:13-44
91            android:enabled="true"
91-->[androidx.profileinstaller:profileinstaller:1.4.0] AndroidManifest.xml:37:13-35
92            android:exported="true"
92-->[androidx.profileinstaller:profileinstaller:1.4.0] AndroidManifest.xml:38:13-36
93            android:permission="android.permission.DUMP" >
93-->[androidx.profileinstaller:profileinstaller:1.4.0] AndroidManifest.xml:39:13-57
94            <intent-filter>
94-->[androidx.profileinstaller:profileinstaller:1.4.0] AndroidManifest.xml:40:13-42:29
95                <action android:name="androidx.profileinstaller.action.INSTALL_PROFILE" />
95-->[androidx.profileinstaller:profileinstaller:1.4.0] AndroidManifest.xml:41:17-91
95-->[androidx.profileinstaller:profileinstaller:1.4.0] AndroidManifest.xml:41:25-88
96            </intent-filter>
97            <intent-filter>
97-->[androidx.profileinstaller:profileinstaller:1.4.0] AndroidManifest.xml:43:13-45:29
98                <action android:name="androidx.profileinstaller.action.SKIP_FILE" />
98-->[androidx.profileinstaller:profileinstaller:1.4.0] AndroidManifest.xml:44:17-85
98-->[androidx.profileinstaller:profileinstaller:1.4.0] AndroidManifest.xml:44:25-82
99            </intent-filter>
100            <intent-filter>
100-->[androidx.profileinstaller:profileinstaller:1.4.0] AndroidManifest.xml:46:13-48:29
101                <action android:name="androidx.profileinstaller.action.SAVE_PROFILE" />
101-->[androidx.profileinstaller:profileinstaller:1.4.0] AndroidManifest.xml:47:17-88
101-->[androidx.profileinstaller:profileinstaller:1.4.0] AndroidManifest.xml:47:25-85
102            </intent-filter>
103            <intent-filter>
103-->[androidx.profileinstaller:profileinstaller:1.4.0] AndroidManifest.xml:49:13-51:29
104                <action android:name="androidx.profileinstaller.action.BENCHMARK_OPERATION" />
104-->[androidx.profileinstaller:profileinstaller:1.4.0] AndroidManifest.xml:50:17-95
104-->[androidx.profileinstaller:profileinstaller:1.4.0] AndroidManifest.xml:50:25-92
105            </intent-filter>
106        </receiver>
107    </application>
108
109</manifest>